<?xml version="1.0" encoding="UTF-8"?>
<!-- Generated by org.testng.reporters.JUnitXMLReporter -->
<testsuite hostname="ip-172-31-32-197" ignored="0" name="AmazonTest" tests="4" failures="0" timestamp="2021-06-27T15:27:57 UTC" time="14.848" errors="0">
  <testcase name="Amazon Homepage Test" time="0.054" classname="com.ecom.webapp.amazon.AmazonHomepageTest"/>
  <testcase name="Amazon Homepage Test" time="0.065" classname="com.ecom.webapp.amazon.AmazonHomepageTest"/>
  <testcase name="testFashionLinkNavigation" time="2.048" classname="com.ecom.webapp.amazon.AmazoNavLinkTest"/>
  <testcase name="testMobileLinkNavigation" time="1.887" classname="com.ecom.webapp.amazon.AmazoNavLinkTest"/>
</testsuite> <!-- AmazonTest -->
