<?xml version="1.0" encoding="UTF-8"?>
<!-- Generated by org.testng.reporters.JUnitXMLReporter -->
<testsuite hostname="ip-172-31-32-197" ignored="0" name="AmazonTest" tests="4" failures="0" timestamp="2021-06-27T17:24:07 UTC" time="17.125" errors="0">
  <testcase name="testForAmazonHomepage" time="0.037" classname="com.ecom.webapp.amazon.AmazonHomepageTest"/>
  <testcase name="testForAmazonSourceURL" time="0.188" classname="com.ecom.webapp.amazon.AmazonHomepageTest"/>
  <testcase name="testFashionLinkNavigation" time="1.856" classname="com.ecom.webapp.amazon.AmazoNavLinkTest"/>
  <testcase name="testMobileLinkNavigation" time="2.026" classname="com.ecom.webapp.amazon.AmazoNavLinkTest"/>
</testsuite> <!-- AmazonTest -->
