<?xml version="1.0" encoding="UTF-8"?>
<!-- Generated by org.testng.reporters.JUnitXMLReporter -->
<testsuite hostname="ip-172-31-32-197" ignored="0" name="GroupTest" tests="6" failures="0" timestamp="2021-06-27T17:24:39 UTC" time="7.287" errors="0">
  <testcase name="lauchChromeTest" time="2.412" classname="com.ecom.webapp.BrowserGroupTest"/>
  <testcase name="lauchFirefoxTest" time="3.781" classname="com.ecom.webapp.BrowserGroupTest"/>
  <testcase name="testAmazonHomePageTitle" time="0.018" classname="com.ecom.webapp.BrowserGroupTest"/>
  <testcase name="testFaceBookHomePage" time="0.043" classname="com.ecom.webapp.BrowserGroupTest"/>
  <testcase name="testAmazonSourceURL" time="0.13" classname="com.ecom.webapp.BrowserGroupTest"/>
  <testcase name="testFaceLoginPage" time="0.889" classname="com.ecom.webapp.BrowserGroupTest"/>
</testsuite> <!-- GroupTest -->
