<?xml version="1.0" encoding="UTF-8"?>
<testng-results skipped="0" failed="0" ignored="0" total="11" passed="11">
  <reporter-output>
  </reporter-output>
  <suite name="Ecommerce Test Suite" duration-ms="49256" started-at="2021-06-27T17:23:49 UTC" finished-at="2021-06-27T17:24:39 UTC">
    <groups>
      <group name="ChromeOnly">
        <method signature="BrowserGroupTest.lauchChromeTest()[pri:0, instance:com.ecom.webapp.BrowserGroupTest@371a67ec]" name="lauchChromeTest" class="com.ecom.webapp.BrowserGroupTest"/>
        <method signature="BrowserGroupTest.testAmazonHomePageTitle()[pri:0, instance:com.ecom.webapp.BrowserGroupTest@371a67ec]" name="testAmazonHomePageTitle" class="com.ecom.webapp.BrowserGroupTest"/>
        <method signature="BrowserGroupTest.testAmazonSourceURL()[pri:1, instance:com.ecom.webapp.BrowserGroupTest@371a67ec]" name="testAmazonSourceURL" class="com.ecom.webapp.BrowserGroupTest"/>
      </group> <!-- ChromeOnly -->
      <group name="FirefoxOnly">
        <method signature="BrowserGroupTest.lauchFirefoxTest()[pri:0, instance:com.ecom.webapp.BrowserGroupTest@371a67ec]" name="lauchFirefoxTest" class="com.ecom.webapp.BrowserGroupTest"/>
        <method signature="BrowserGroupTest.testFaceBookHomePage()[pri:0, instance:com.ecom.webapp.BrowserGroupTest@371a67ec]" name="testFaceBookHomePage" class="com.ecom.webapp.BrowserGroupTest"/>
        <method signature="BrowserGroupTest.testFaceLoginPage()[pri:1, instance:com.ecom.webapp.BrowserGroupTest@371a67ec]" name="testFaceLoginPage" class="com.ecom.webapp.BrowserGroupTest"/>
      </group> <!-- FirefoxOnly -->
    </groups>
    <test name="AmazonTest" duration-ms="17125" started-at="2021-06-27T17:23:49 UTC" finished-at="2021-06-27T17:24:07 UTC">
      <class name="com.ecom.webapp.amazon.AmazonHomepageTest">
        <test-method status="PASS" signature="setUp()[pri:0, instance:com.ecom.webapp.amazon.AmazonHomepageTest@3712b94]" name="setUp" is-config="true" duration-ms="3767" started-at="2021-06-27T17:23:49 UTC" finished-at="2021-06-27T17:23:53 UTC">
          <reporter-output>
          </reporter-output>
        </test-method> <!-- setUp -->
        <test-method status="PASS" signature="testForAmazonHomepage()[pri:0, instance:com.ecom.webapp.amazon.AmazonHomepageTest@3712b94]" name="testForAmazonHomepage" duration-ms="37" started-at="2021-06-27T17:23:53 UTC" finished-at="2021-06-27T17:23:53 UTC">
          <reporter-output>
          </reporter-output>
        </test-method> <!-- testForAmazonHomepage -->
        <test-method status="PASS" signature="tearDown()[pri:0, instance:com.ecom.webapp.amazon.AmazonHomepageTest@3712b94]" name="tearDown" is-config="true" duration-ms="177" started-at="2021-06-27T17:23:53 UTC" finished-at="2021-06-27T17:23:53 UTC">
          <reporter-output>
          </reporter-output>
        </test-method> <!-- tearDown -->
        <test-method status="PASS" signature="setUp()[pri:0, instance:com.ecom.webapp.amazon.AmazonHomepageTest@3712b94]" name="setUp" is-config="true" duration-ms="2776" started-at="2021-06-27T17:23:53 UTC" finished-at="2021-06-27T17:23:56 UTC">
          <reporter-output>
          </reporter-output>
        </test-method> <!-- setUp -->
        <test-method status="PASS" signature="testForAmazonSourceURL()[pri:0, instance:com.ecom.webapp.amazon.AmazonHomepageTest@3712b94]" name="testForAmazonSourceURL" duration-ms="188" started-at="2021-06-27T17:23:56 UTC" finished-at="2021-06-27T17:23:56 UTC">
          <reporter-output>
          </reporter-output>
        </test-method> <!-- testForAmazonSourceURL -->
        <test-method status="PASS" signature="tearDown()[pri:0, instance:com.ecom.webapp.amazon.AmazonHomepageTest@3712b94]" name="tearDown" is-config="true" duration-ms="119" started-at="2021-06-27T17:23:56 UTC" finished-at="2021-06-27T17:23:57 UTC">
          <reporter-output>
          </reporter-output>
        </test-method> <!-- tearDown -->
      </class> <!-- com.ecom.webapp.amazon.AmazonHomepageTest -->
      <class name="com.ecom.webapp.amazon.AmazoNavLinkTest">
        <test-method status="PASS" signature="beforeMethod()[pri:0, instance:com.ecom.webapp.amazon.AmazoNavLinkTest@2173f6d9]" name="beforeMethod" is-config="true" duration-ms="2670" started-at="2021-06-27T17:23:57 UTC" finished-at="2021-06-27T17:23:59 UTC">
          <reporter-output>
          </reporter-output>
        </test-method> <!-- beforeMethod -->
        <test-method status="PASS" signature="testFashionLinkNavigation()[pri:0, instance:com.ecom.webapp.amazon.AmazoNavLinkTest@2173f6d9]" name="testFashionLinkNavigation" duration-ms="1856" started-at="2021-06-27T17:23:59 UTC" finished-at="2021-06-27T17:24:01 UTC">
          <reporter-output>
          </reporter-output>
        </test-method> <!-- testFashionLinkNavigation -->
        <test-method status="PASS" signature="afterMethod()[pri:0, instance:com.ecom.webapp.amazon.AmazoNavLinkTest@2173f6d9]" name="afterMethod" is-config="true" duration-ms="234" started-at="2021-06-27T17:24:01 UTC" finished-at="2021-06-27T17:24:01 UTC">
          <reporter-output>
          </reporter-output>
        </test-method> <!-- afterMethod -->
        <test-method status="PASS" signature="beforeMethod()[pri:0, instance:com.ecom.webapp.amazon.AmazoNavLinkTest@2173f6d9]" name="beforeMethod" is-config="true" duration-ms="3026" started-at="2021-06-27T17:24:01 UTC" finished-at="2021-06-27T17:24:04 UTC">
          <reporter-output>
          </reporter-output>
        </test-method> <!-- beforeMethod -->
        <test-method status="PASS" signature="testMobileLinkNavigation()[pri:0, instance:com.ecom.webapp.amazon.AmazoNavLinkTest@2173f6d9]" name="testMobileLinkNavigation" duration-ms="2026" started-at="2021-06-27T17:24:04 UTC" finished-at="2021-06-27T17:24:06 UTC">
          <reporter-output>
          </reporter-output>
        </test-method> <!-- testMobileLinkNavigation -->
        <test-method status="PASS" signature="afterMethod()[pri:0, instance:com.ecom.webapp.amazon.AmazoNavLinkTest@2173f6d9]" name="afterMethod" is-config="true" duration-ms="139" started-at="2021-06-27T17:24:06 UTC" finished-at="2021-06-27T17:24:07 UTC">
          <reporter-output>
          </reporter-output>
        </test-method> <!-- afterMethod -->
      </class> <!-- com.ecom.webapp.amazon.AmazoNavLinkTest -->
    </test> <!-- AmazonTest -->
    <test name="FacebookTest" duration-ms="24781" started-at="2021-06-27T17:24:07 UTC" finished-at="2021-06-27T17:24:31 UTC">
      <class name="com.ecom.webapp.facebook.FacebookLoginTest">
        <test-method status="PASS" signature="beforeMethod()[pri:0, instance:com.ecom.webapp.facebook.FacebookLoginTest@5f3a4b84]" name="beforeMethod" is-config="true" duration-ms="1897" started-at="2021-06-27T17:24:07 UTC" finished-at="2021-06-27T17:24:08 UTC">
          <reporter-output>
          </reporter-output>
        </test-method> <!-- beforeMethod -->
        <test-method status="PASS" signature="invalidUserCredsTest()[pri:0, instance:com.ecom.webapp.facebook.FacebookLoginTest@5f3a4b84]" name="invalidUserCredsTest" duration-ms="22760" started-at="2021-06-27T17:24:08 UTC" finished-at="2021-06-27T17:24:31 UTC">
          <reporter-output>
          </reporter-output>
        </test-method> <!-- invalidUserCredsTest -->
        <test-method status="PASS" signature="afterMethod()[pri:0, instance:com.ecom.webapp.facebook.FacebookLoginTest@5f3a4b84]" name="afterMethod" is-config="true" duration-ms="115" started-at="2021-06-27T17:24:31 UTC" finished-at="2021-06-27T17:24:31 UTC">
          <reporter-output>
          </reporter-output>
        </test-method> <!-- afterMethod -->
      </class> <!-- com.ecom.webapp.facebook.FacebookLoginTest -->
    </test> <!-- FacebookTest -->
    <test name="GroupTest" duration-ms="7287" started-at="2021-06-27T17:24:31 UTC" finished-at="2021-06-27T17:24:39 UTC">
      <class name="com.ecom.webapp.BrowserGroupTest">
        <test-method status="PASS" signature="lauchChromeTest()[pri:0, instance:com.ecom.webapp.BrowserGroupTest@371a67ec]" name="lauchChromeTest" duration-ms="2412" started-at="2021-06-27T17:24:31 UTC" finished-at="2021-06-27T17:24:34 UTC">
          <reporter-output>
          </reporter-output>
        </test-method> <!-- lauchChromeTest -->
        <test-method status="PASS" signature="lauchFirefoxTest()[pri:0, instance:com.ecom.webapp.BrowserGroupTest@371a67ec]" name="lauchFirefoxTest" duration-ms="3781" started-at="2021-06-27T17:24:34 UTC" finished-at="2021-06-27T17:24:38 UTC">
          <reporter-output>
          </reporter-output>
        </test-method> <!-- lauchFirefoxTest -->
        <test-method status="PASS" signature="testAmazonHomePageTitle()[pri:0, instance:com.ecom.webapp.BrowserGroupTest@371a67ec]" name="testAmazonHomePageTitle" duration-ms="18" started-at="2021-06-27T17:24:38 UTC" depends-on-methods="com.ecom.webapp.BrowserGroupTest.lauchChromeTest" finished-at="2021-06-27T17:24:38 UTC">
          <reporter-output>
          </reporter-output>
        </test-method> <!-- testAmazonHomePageTitle -->
        <test-method status="PASS" signature="testFaceBookHomePage()[pri:0, instance:com.ecom.webapp.BrowserGroupTest@371a67ec]" name="testFaceBookHomePage" duration-ms="43" started-at="2021-06-27T17:24:38 UTC" depends-on-methods="com.ecom.webapp.BrowserGroupTest.lauchFirefoxTest" finished-at="2021-06-27T17:24:38 UTC">
          <reporter-output>
          </reporter-output>
        </test-method> <!-- testFaceBookHomePage -->
        <test-method status="PASS" signature="testAmazonSourceURL()[pri:1, instance:com.ecom.webapp.BrowserGroupTest@371a67ec]" name="testAmazonSourceURL" duration-ms="130" started-at="2021-06-27T17:24:38 UTC" depends-on-methods="com.ecom.webapp.BrowserGroupTest.lauchChromeTest" finished-at="2021-06-27T17:24:38 UTC">
          <reporter-output>
          </reporter-output>
        </test-method> <!-- testAmazonSourceURL -->
        <test-method status="PASS" signature="testFaceLoginPage()[pri:1, instance:com.ecom.webapp.BrowserGroupTest@371a67ec]" name="testFaceLoginPage" duration-ms="889" started-at="2021-06-27T17:24:38 UTC" depends-on-methods="com.ecom.webapp.BrowserGroupTest.lauchFirefoxTest" finished-at="2021-06-27T17:24:39 UTC">
          <reporter-output>
          </reporter-output>
        </test-method> <!-- testFaceLoginPage -->
      </class> <!-- com.ecom.webapp.BrowserGroupTest -->
    </test> <!-- GroupTest -->
  </suite> <!-- Ecommerce Test Suite -->
</testng-results>
